Removed Pin From Net: NetName=MSP_TXD Pin=COMM_MOD-1
Removed Pin From Net: NetName=MSP_RXD Pin=COMM_MOD-3
Removed Pin From Net: NetName=PS_VCC Pin=COMM_MOD-5
Removed Pin From Net: NetName=GND Pin=COMM_MOD-7
Removed Pin From Net: NetName=EXT_GPIO_1 Pin=COMM_MOD-8
Removed Pin From Net: NetName=VCC Pin=LGHT1-1
Removed Pin From Net: NetName=LGHT_ADD Pin=LGHT1-2
Removed Pin From Net: NetName=GND Pin=LGHT1-3
Removed Pin From Net: NetName=LGHT_SCL Pin=LGHT1-4
Removed Pin From Net: NetName=LGHT_INT Pin=LGHT1-5
Removed Pin From Net: NetName=LGHT_SDA Pin=LGHT1-6
Removed Pin From Net: NetName=GND Pin=LGHT1-7
Removed Pin From Net: NetName=NetC20_2 Pin=MIC1-1
Removed Pin From Net: NetName=NetC23_2 Pin=MIC1-2
Removed Pin From Net: NetName=NetC22_2 Pin=MIC1-3
Removed Pin From Net: NetName=AGND Pin=MIC1-4
Removed Pin From Net: NetName=PS_VCC Pin=USB-1
Removed Pin From Net: NetName=GND Pin=USB-5
Removed Pin From Net: NetName=GND Pin=USB-SH
Removed Pin From Net: NetName=GND Pin=USB-SH
Removed Pin From Net: NetName=GND Pin=USB-SH
Removed Pin From Net: NetName=GND Pin=USB-SH
Removed Pin From Net: NetName=GND Pin=USB-SH
Removed Pin From Net: NetName=GND Pin=USB-SH
Removed Member From Class: ClassName=uC Member=COMM_MOD
Removed Member From Class: ClassName=mic Member=MIC1
Removed Member From Class: ClassName=uC Member=USB
Added Component: Designator=BT_CONN(HDR2X5)
Add component. Clean all parameters for all variants
Add component (AddParameter): Name = "LatestRevisionDate"; Value = "17-Jul-2002"; VariantName = "[No Variations]"
Add component (AddParameter): Name = "LatestRevisionNote"; Value = "Re-released for DXP Platform."; VariantName = "[No Variations]"
Add component (AddParameter): Name = "Publisher"; Value = "Altium Limited"; VariantName = "[No Variations]"
Added Component: Designator=LGHT(DNP0006A)
Add component. Clean all parameters for all variants
Add component (AddParameter): Name = "Application_BuildNumber"; Value = ""; VariantName = "[No Variations]"
Add component (AddParameter): Name = "CompType"; Value = "IC"; VariantName = "[No Variations]"
Add component (AddParameter): Name = "Manufacturer"; Value = "Texas Instruments"; VariantName = "[No Variations]"
Add component (AddParameter): Name = "MountType"; Value = "SMT"; VariantName = "[No Variations]"
Add component (AddParameter): Name = "PackageReference"; Value = "DNP0006A"; VariantName = "[No Variations]"
Add component (AddParameter): Name = "PartNumber"; Value = "OPT3001DNP"; VariantName = "[No Variations]"
Add component (AddParameter): Name = "PIN_COUNT"; Value = "7"; VariantName = "[No Variations]"
Add component (AddParameter): Name = "RefDes"; Value = "RefDes"; VariantName = "[No Variations]"
Add component (AddParameter): Name = "RoHS"; Value = "Y"; VariantName = "[No Variations]"
Add component (AddParameter): Name = "TYPE"; Value = "TYPE"; VariantName = "[No Variations]"
Add component (AddParameter): Name = "Value"; Value = "Value"; VariantName = "[No Variations]"
Added Component: Designator=LORA_CONN(HDR2X5)
Add component. Clean all parameters for all variants
Add component (AddParameter): Name = "LatestRevisionDate"; Value = "17-Jul-2002"; VariantName = "[No Variations]"
Add component (AddParameter): Name = "LatestRevisionNote"; Value = "Re-released for DXP Platform."; VariantName = "[No Variations]"
Add component (AddParameter): Name = "Publisher"; Value = "Altium Limited"; VariantName = "[No Variations]"
Added Component: Designator=MIC(ICS-40730)
Add component. Clean all parameters for all variants
Added Pin To Net: NetName=GND Pin=BT_CONN-1
Added Pin To Net: NetName=GND Pin=BT_CONN-3
Added Pin To Net: NetName=GND Pin=BT_CONN-5
Added Pin To Net: NetName=GND Pin=BT_CONN-7
Added Pin To Net: NetName=GND Pin=BT_CONN-9
Added Pin To Net: NetName=PS_VCC Pin=BT_CONN-10
Added Pin To Net: NetName=VCC Pin=LGHT-1
Added Pin To Net: NetName=LGHT_ADD Pin=LGHT-2
Added Pin To Net: NetName=GND Pin=LGHT-3
Added Pin To Net: NetName=LGHT_SCL Pin=LGHT-4
Added Pin To Net: NetName=LGHT_INT Pin=LGHT-5
Added Pin To Net: NetName=LGHT_SDA Pin=LGHT-6
Added Pin To Net: NetName=GND Pin=LGHT-7
Added Pin To Net: NetName=GND Pin=LORA_CONN-1
Added Pin To Net: NetName=MSP_RXD Pin=LORA_CONN-2
Added Pin To Net: NetName=GND Pin=LORA_CONN-3
Added Pin To Net: NetName=MSP_TXD Pin=LORA_CONN-4
Added Pin To Net: NetName=GND Pin=LORA_CONN-5
Added Pin To Net: NetName=EXT_GPIO_1 Pin=LORA_CONN-6
Added Pin To Net: NetName=GND Pin=LORA_CONN-7
Added Pin To Net: NetName=PS_VCC Pin=LORA_CONN-8
Added Pin To Net: NetName=GND Pin=LORA_CONN-9
Added Pin To Net: NetName=GND Pin=LORA_CONN-10
Added Pin To Net: NetName=NetC20_2 Pin=MIC-1
Added Pin To Net: NetName=NetC23_2 Pin=MIC-2
Added Pin To Net: NetName=NetC22_2 Pin=MIC-3
Added Pin To Net: NetName=AGND Pin=MIC-4
Change Net Name : Old Net Name=EXT_GPIO_1 New Net Name=LORA_RESET
Change Net Name : Old Net Name=MSP_RXD New Net Name=LORA_MSP_RXD
Change Net Name : Old Net Name=MSP_TXD New Net Name=LORA_MSP_TXD
Added Pin To Net: NetName=BT_CTS Pin=BT_CONN-2
Added Pin To Net: NetName=BT_CTS Pin=U1-11
Added Net: Name=BT_CTS
Added Pin To Net: NetName=BT_MSP_RXD Pin=BT_CONN-6
Added Pin To Net: NetName=BT_MSP_RXD Pin=U1-13
Added Net: Name=BT_MSP_RXD
Added Pin To Net: NetName=BT_MSP_TXD Pin=BT_CONN-8
Added Pin To Net: NetName=BT_MSP_TXD Pin=U1-14
Added Net: Name=BT_MSP_TXD
Added Pin To Net: NetName=BT_RTS Pin=BT_CONN-4
Added Pin To Net: NetName=BT_RTS Pin=U1-12
Added Net: Name=BT_RTS
Change Class Name : Old Net Name=mic New Net Name=mems
Added Member To Class: ClassName=mems Member=Component BME680 
Added Member To Class: ClassName=uC Member=Component BT_CONN Header 5X2
Added Member To Class: ClassName=mems Member=Component C30 C
Added Member To Class: ClassName=mems Member=Component CE1 C
Added Member To Class: ClassName=mems Member=Component CE2 C
Added Member To Class: ClassName=mems Member=Component LGHT OPT3001DNPR
Added Member To Class: ClassName=uC Member=Component LORA_CONN Header 5X2
Added Member To Class: ClassName=mems Member=Component MIC ICS-40730
Added Member To Class: ClassName=mems Member=Component R20 R
Added Member To Class: ClassName=mems Member=Component R21 R
Added Member To Class: ClassName=mems Member=Component R22 R
Change Room Name: Old Name=mic New Name=mems
Change Room Scope: Old Scope=InComponentClass('mic') New Scope=InComponentClass('mems')
