Removed Pin From Net: NetName=GND Pin=BT_CONN-1
Removed Pin From Net: NetName=PS_VCC Pin=BT_CONN-10
Removed Pin From Net: NetName=GND Pin=LED1-2
Removed Pin From Net: NetName=GND Pin=LED2-2
Removed Pin From Net: NetName=GND Pin=LORA_CONN-3
Removed Pin From Net: NetName=GND Pin=LORA_CONN-5
Removed Pin From Net: NetName=LORA_RESET Pin=LORA_CONN-6
Removed Pin From Net: NetName=PS_VCC Pin=LORA_CONN-8
Removed Pin From Net: NetName=GND Pin=LORA_CONN-10
Removed Pin From Net: NetName=LED1 Pin=R5-1
Removed Pin From Net: NetName=LED2 Pin=R6-1
Removed Pin From Net: NetName=LORA_RESET Pin=U1-54
Removed Member From Class: ClassName=uC Member=LED1
Removed Member From Class: ClassName=uC Member=LED2
Removed Member From Class: ClassName=uC Member=R5
Removed Member From Class: ClassName=uC Member=R6
Added Pin To Net: NetName=PS_VCC Pin=BT_CONN-1
Added Pin To Net: NetName=LED1 Pin=LORA_CONN-3
Added Pin To Net: NetName=LED2 Pin=LORA_CONN-5
Added Pin To Net: NetName=LORA_RESET Pin=LORA_CONN-10
Added Pin To Net: NetName=LORA_RESET Pin=U1-51
Change Net Name : Old Net Name=BME280_CSB New Net Name=BME680_CSB
Change Net Name : Old Net Name=BME280_SCK New Net Name=BME680_SCK
Change Net Name : Old Net Name=BME280_SDI New Net Name=BME680_SDI
Change Net Name : Old Net Name=BME280_SDO New Net Name=BME680_SDO
Added Pin To Net: NetName=BT_RESET Pin=BT_CONN-10
Added Pin To Net: NetName=BT_RESET Pin=U1-54
Added Net: Name=BT_RESET
Added Pin To Net: NetName=LORA_CTS Pin=LORA_CONN-6
Added Pin To Net: NetName=LORA_CTS Pin=U1-53
Added Net: Name=LORA_CTS
Added Pin To Net: NetName=LORA_RTS Pin=LORA_CONN-8
Added Pin To Net: NetName=LORA_RTS Pin=U1-52
Added Net: Name=LORA_RTS
