Change Component Comment : Designator=PS Old Comment=CONN 1x2 New Comment=Header 2
Change component parameters: Designator = "PS"; Footprint = "HDR1X2"; UniqueID = "\XRWNGTUF"
Change component parameters. Clean all parameters for all variants
Change component parameters (AddParameter): Name = "LatestRevisionDate"; Value = "17-Jul-2002"; VariantName = "[No Variations]"
Change component parameters (AddParameter): Name = "LatestRevisionNote"; Value = "Re-released for DXP Platform."; VariantName = "[No Variations]"
Change component parameters (AddParameter): Name = "Publisher"; Value = "Altium Limited"; VariantName = "[No Variations]"
Added Component: Designator=EXT_GPIO(HDR1X4)
Add component. Clean all parameters for all variants
Add component (AddParameter): Name = "LatestRevisionDate"; Value = "17-Jul-2002"; VariantName = "[No Variations]"
Add component (AddParameter): Name = "LatestRevisionNote"; Value = "Re-released for DXP Platform."; VariantName = "[No Variations]"
Add component (AddParameter): Name = "Publisher"; Value = "Altium Limited"; VariantName = "[No Variations]"
Added Component: Designator=EXT_UART(HDR1X4)
Add component. Clean all parameters for all variants
Add component (AddParameter): Name = "LatestRevisionDate"; Value = "17-Jul-2002"; VariantName = "[No Variations]"
Add component (AddParameter): Name = "LatestRevisionNote"; Value = "Re-released for DXP Platform."; VariantName = "[No Variations]"
Add component (AddParameter): Name = "Publisher"; Value = "Altium Limited"; VariantName = "[No Variations]"
Added Component: Designator=JTAG(JTAG_HEADER)
Add component. Clean all parameters for all variants
Added Component: Designator=SBW(HDR1X3)
Add component. Clean all parameters for all variants
Add component (AddParameter): Name = "LatestRevisionDate"; Value = "17-Jul-2002"; VariantName = "[No Variations]"
Add component (AddParameter): Name = "LatestRevisionNote"; Value = "Re-released for DXP Platform."; VariantName = "[No Variations]"
Add component (AddParameter): Name = "Publisher"; Value = "Altium Limited"; VariantName = "[No Variations]"
Added Component: Designator=XT32k(CRYST 32.768 kHz)
Add component. Clean all parameters for all variants
Added Pin To Net: NetName=VCC Pin=EXT_UART-1
Added Pin To Net: NetName=MSP_TXD Pin=EXT_UART-2
Added Pin To Net: NetName=MSP_RXD Pin=EXT_UART-3
Added Pin To Net: NetName=GND Pin=EXT_UART-4
Added Pin To Net: NetName=VCC Pin=JTAG-1
Added Pin To Net: NetName=TMS Pin=JTAG-2
Added Pin To Net: NetName=GND Pin=JTAG-3
Added Pin To Net: NetName=TCK Pin=JTAG-4
Added Pin To Net: NetName=GND Pin=JTAG-5
Added Pin To Net: NetName=TDO Pin=JTAG-6
Added Pin To Net: NetName=TEST/SBWTCK Pin=JTAG-7
Added Pin To Net: NetName=TDI Pin=JTAG-8
Added Pin To Net: NetName=GND Pin=JTAG-9
Added Pin To Net: NetName=RST/SBWTDIO Pin=JTAG-10
Added Pin To Net: NetName=GND Pin=SBW-1
Added Pin To Net: NetName=RST/SBWTDIO Pin=SBW-2
Added Pin To Net: NetName=TEST/SBWTCK Pin=SBW-3
Added Pin To Net: NetName=XOUT Pin=XT32k-1
Added Pin To Net: NetName=XIN Pin=XT32k-2
Added Pin To Net: NetName=EXT_GPIO_1 Pin=EXT_GPIO-1
Added Pin To Net: NetName=EXT_GPIO_1 Pin=U1-54
Added Net: Name=EXT_GPIO_1
Added Pin To Net: NetName=EXT_GPIO_2 Pin=EXT_GPIO-2
Added Pin To Net: NetName=EXT_GPIO_2 Pin=U1-53
Added Net: Name=EXT_GPIO_2
Added Pin To Net: NetName=EXT_GPIO_3 Pin=EXT_GPIO-3
Added Pin To Net: NetName=EXT_GPIO_3 Pin=U1-52
Added Net: Name=EXT_GPIO_3
Added Pin To Net: NetName=EXT_GPIO_4 Pin=EXT_GPIO-4
Added Pin To Net: NetName=EXT_GPIO_4 Pin=U1-51
Added Net: Name=EXT_GPIO_4
Added Member To Class: ClassName=uC Member=Component EXT_GPIO Header 4
Added Member To Class: ClassName=uC Member=Component EXT_UART Header 4
Added Member To Class: ClassName=uC Member=Component JTAG Cortex Debug Connector
Added Member To Class: ClassName=uC Member=Component SBW Header 3
Added Member To Class: ClassName=uC Member=Component XT32k CRYST_32k768
