Added Component: Designator=C1(603)
Add component. Clean all parameters for all variants
Added Component: Designator=C2(603)
Add component. Clean all parameters for all variants
Added Component: Designator=C3(603)
Add component. Clean all parameters for all variants
Added Component: Designator=C4(603)
Add component. Clean all parameters for all variants
Added Component: Designator=C5(603)
Add component. Clean all parameters for all variants
Added Component: Designator=C6(603)
Add component. Clean all parameters for all variants
Added Component: Designator=C7(603)
Add component. Clean all parameters for all variants
Added Component: Designator=C8(603)
Add component. Clean all parameters for all variants
Added Component: Designator=C9(603)
Add component. Clean all parameters for all variants
Added Component: Designator=C10(603)
Add component. Clean all parameters for all variants
Added Component: Designator=C11(603)
Add component. Clean all parameters for all variants
Added Component: Designator=C12(603)
Add component. Clean all parameters for all variants
Added Component: Designator=C13(603)
Add component. Clean all parameters for all variants
Added Component: Designator=C14(603)
Add component. Clean all parameters for all variants
Added Component: Designator=C20(603)
Add component. Clean all parameters for all variants
Added Component: Designator=C21(603)
Add component. Clean all parameters for all variants
Added Component: Designator=C22(603)
Add component. Clean all parameters for all variants
Added Component: Designator=C23(603)
Add component. Clean all parameters for all variants
Added Component: Designator=C24(603)
Add component. Clean all parameters for all variants
Added Component: Designator=C25(603)
Add component. Clean all parameters for all variants
Added Component: Designator=C30(603)
Add component. Clean all parameters for all variants
Added Component: Designator=CE1(603)
Add component. Clean all parameters for all variants
Added Component: Designator=CE2(603)
Add component. Clean all parameters for all variants
Added Component: Designator=R1(603)
Add component. Clean all parameters for all variants
Added Component: Designator=R2(603)
Add component. Clean all parameters for all variants
Added Component: Designator=R3(603)
Add component. Clean all parameters for all variants
Added Component: Designator=R5(603)
Add component. Clean all parameters for all variants
Added Component: Designator=R6(603)
Add component. Clean all parameters for all variants
Added Component: Designator=R20(603)
Add component. Clean all parameters for all variants
Added Component: Designator=R21(603)
Add component. Clean all parameters for all variants
Added Component: Designator=R22(603)
Add component. Clean all parameters for all variants
Added Component: Designator=R25(603)
Add component. Clean all parameters for all variants
Added Component: Designator=R26(603)
Add component. Clean all parameters for all variants
Added Component: Designator=R27(603)
Add component. Clean all parameters for all variants
Added Component: Designator=R28(603)
Add component. Clean all parameters for all variants
Added Component: Designator=R29(603)
Add component. Clean all parameters for all variants
Added Component: Designator=R30(603)
Add component. Clean all parameters for all variants
Added Component: Designator=R31(603)
Add component. Clean all parameters for all variants
Added Pin To Net: NetName=GND Pin=C1-1
Added Pin To Net: NetName=VDSYS Pin=C1-2
Added Pin To Net: NetName=AGND Pin=C2-1
Added Pin To Net: NetName=NetC2_2 Pin=C2-2
Added Pin To Net: NetName=AGND Pin=C3-1
Added Pin To Net: NetName=AVCC Pin=C3-2
Added Pin To Net: NetName=AGND Pin=C4-1
Added Pin To Net: NetName=AVCC Pin=C4-2
Added Pin To Net: NetName=GND Pin=C5-1
Added Pin To Net: NetName=VDSYS Pin=C5-2
Added Pin To Net: NetName=GND Pin=C6-1
Added Pin To Net: NetName=VCC Pin=C6-2
Added Pin To Net: NetName=GND Pin=C7-1
Added Pin To Net: NetName=VCC Pin=C7-2
Added Pin To Net: NetName=GND Pin=C8-1
Added Pin To Net: NetName=NetC8_2 Pin=C8-2
Added Pin To Net: NetName=GND Pin=C9-1
Added Pin To Net: NetName=AUXVCC3 Pin=C9-2
Added Pin To Net: NetName=AGND Pin=C10-1
Added Pin To Net: NetName=VASYS Pin=C10-2
Added Pin To Net: NetName=AGND Pin=C11-1
Added Pin To Net: NetName=VASYS Pin=C11-2
Added Pin To Net: NetName=GND Pin=C12-1
Added Pin To Net: NetName=RST/SBWTDIO Pin=C12-2
Added Pin To Net: NetName=GND Pin=C13-1
Added Pin To Net: NetName=XOUT Pin=C13-2
Added Pin To Net: NetName=GND Pin=C14-1
Added Pin To Net: NetName=XIN Pin=C14-2
Added Pin To Net: NetName=AGND Pin=C20-1
Added Pin To Net: NetName=NetC20_2 Pin=C20-2
Added Pin To Net: NetName=AGND Pin=C21-1
Added Pin To Net: NetName=NetC20_2 Pin=C21-2
Added Pin To Net: NetName=NetC22_1 Pin=C22-1
Added Pin To Net: NetName=NetC22_2 Pin=C22-2
Added Pin To Net: NetName=NetC23_1 Pin=C23-1
Added Pin To Net: NetName=NetC23_2 Pin=C23-2
Added Pin To Net: NetName=MIC_OUT- Pin=C24-1
Added Pin To Net: NetName=AGND Pin=C24-2
Added Pin To Net: NetName=AGND Pin=C25-1
Added Pin To Net: NetName=MIC_OUT+ Pin=C25-2
Added Pin To Net: NetName=GND Pin=C30-1
Added Pin To Net: NetName=VCC Pin=C30-2
Added Pin To Net: NetName=GND Pin=CE1-1
Added Pin To Net: NetName=VCC Pin=CE1-2
Added Pin To Net: NetName=GND Pin=CE2-1
Added Pin To Net: NetName=VCC Pin=CE2-2
Added Pin To Net: NetName=VCC Pin=R1-1
Added Pin To Net: NetName=AVCC Pin=R1-2
Added Pin To Net: NetName=VCC Pin=R2-1
Added Pin To Net: NetName=AUXVCC3 Pin=R2-2
Added Pin To Net: NetName=RST/SBWTDIO Pin=R3-1
Added Pin To Net: NetName=VCC Pin=R3-2
Added Pin To Net: NetName=LED1 Pin=R5-1
Added Pin To Net: NetName=NetLED1_1 Pin=R5-2
Added Pin To Net: NetName=LED2 Pin=R6-1
Added Pin To Net: NetName=NetLED2_1 Pin=R6-2
Added Pin To Net: NetName=LGHT_INT Pin=R20-1
Added Pin To Net: NetName=VCC Pin=R20-2
Added Pin To Net: NetName=LGHT_SDA Pin=R21-1
Added Pin To Net: NetName=VCC Pin=R21-2
Added Pin To Net: NetName=LGHT_SCL Pin=R22-1
Added Pin To Net: NetName=VCC Pin=R22-2
Added Pin To Net: NetName=VCC Pin=R25-1
Added Pin To Net: NetName=NetC20_2 Pin=R25-2
Added Pin To Net: NetName=MIC_OUT- Pin=R26-1
Added Pin To Net: NetName=AGND Pin=R26-2
Added Pin To Net: NetName=AGND Pin=R27-1
Added Pin To Net: NetName=MIC_OUT+ Pin=R27-2
Added Pin To Net: NetName=AVCC Pin=R28-1
Added Pin To Net: NetName=MIC_OUT+ Pin=R28-2
Added Pin To Net: NetName=MIC_OUT- Pin=R29-1
Added Pin To Net: NetName=AVCC Pin=R29-2
Added Pin To Net: NetName=NetC23_1 Pin=R30-1
Added Pin To Net: NetName=MIC_OUT- Pin=R30-2
Added Pin To Net: NetName=NetC22_1 Pin=R31-1
Added Pin To Net: NetName=MIC_OUT+ Pin=R31-2
Added Member To Class: ClassName=uC Member=Component C1 C
Added Member To Class: ClassName=uC Member=Component C2 C
Added Member To Class: ClassName=uC Member=Component C3 C
Added Member To Class: ClassName=uC Member=Component C4 C
Added Member To Class: ClassName=uC Member=Component C5 C
Added Member To Class: ClassName=uC Member=Component C6 C
Added Member To Class: ClassName=uC Member=Component C7 C
Added Member To Class: ClassName=uC Member=Component C8 C
Added Member To Class: ClassName=uC Member=Component C9 C
Added Member To Class: ClassName=uC Member=Component C10 C
Added Member To Class: ClassName=uC Member=Component C11 C
Added Member To Class: ClassName=uC Member=Component C12 C
Added Member To Class: ClassName=uC Member=Component C13 C
Added Member To Class: ClassName=uC Member=Component C14 C
Added Member To Class: ClassName=mic Member=Component C20 C
Added Member To Class: ClassName=mic Member=Component C21 C
Added Member To Class: ClassName=mic Member=Component C22 C
Added Member To Class: ClassName=mic Member=Component C23 C
Added Member To Class: ClassName=mic Member=Component C24 C
Added Member To Class: ClassName=mic Member=Component C25 C
Added Member To Class: ClassName=lght Member=Component C30 C
Added Member To Class: ClassName=env Member=Component CE1 C
Added Member To Class: ClassName=env Member=Component CE2 C
Added Member To Class: ClassName=uC Member=Component R1 R
Added Member To Class: ClassName=uC Member=Component R2 R
Added Member To Class: ClassName=uC Member=Component R3 R
Added Member To Class: ClassName=uC Member=Component R5 R
Added Member To Class: ClassName=uC Member=Component R6 R
Added Member To Class: ClassName=lght Member=Component R20 R
Added Member To Class: ClassName=lght Member=Component R21 R
Added Member To Class: ClassName=lght Member=Component R22 R
Added Member To Class: ClassName=mic Member=Component R25 R
Added Member To Class: ClassName=mic Member=Component R26 R
Added Member To Class: ClassName=mic Member=Component R27 R
Added Member To Class: ClassName=mic Member=Component R28 R
Added Member To Class: ClassName=mic Member=Component R29 R
Added Member To Class: ClassName=mic Member=Component R30 R
Added Member To Class: ClassName=mic Member=Component R31 R
