Removed Pin From Net: NetName=PS_VCC Pin=LORA_CONN-1
Removed Pin From Net: NetName=LORA_MSP_RXD Pin=LORA_CONN-2
Removed Pin From Net: NetName=GND Pin=LORA_CONN-3
Removed Pin From Net: NetName=LORA_MSP_TXD Pin=LORA_CONN-4
Removed Pin From Net: NetName=GND Pin=LORA_CONN-5
Removed Pin From Net: NetName=LORA_CTS Pin=LORA_CONN-6
Removed Pin From Net: NetName=GND Pin=LORA_CONN-7
Removed Pin From Net: NetName=LORA_RTS Pin=LORA_CONN-8
Removed Pin From Net: NetName=GND Pin=LORA_CONN-9
Removed Pin From Net: NetName=LORA_RESET Pin=LORA_CONN-10
Removed Pin From Net: NetName=BT_CTS Pin=U1-11
Removed Pin From Net: NetName=BT_RTS Pin=U1-12
Added Pin To Net: NetName=GND Pin=LORA_CONN-1
Added Pin To Net: NetName=PS_VCC Pin=LORA_CONN-2
Added Pin To Net: NetName=LORA_CTS Pin=LORA_CONN-3
Added Pin To Net: NetName=LORA_RTS Pin=LORA_CONN-5
Added Pin To Net: NetName=GND Pin=LORA_CONN-6
Added Pin To Net: NetName=LORA_RESET Pin=LORA_CONN-7
Added Pin To Net: NetName=GND Pin=LORA_CONN-8
Added Pin To Net: NetName=LORA_MSP_TXD Pin=LORA_CONN-9
Added Pin To Net: NetName=LORA_MSP_RXD Pin=LORA_CONN-10
Added Pin To Net: NetName=BT_CTS Pin=U1-45
Added Pin To Net: NetName=BT_RTS Pin=U1-46
