Removed Pin From Net: NetName=PS_VCC Pin=BT_CONN-1
Removed Pin From Net: NetName=GND Pin=BT_CONN-3
Removed Pin From Net: NetName=GND Pin=BT_CONN-5
Removed Pin From Net: NetName=GND Pin=LORA_CONN-1
Removed Pin From Net: NetName=LED1 Pin=LORA_CONN-3
Removed Pin From Net: NetName=LED2 Pin=LORA_CONN-5
Removed Pin From Net: NetName=LED1 Pin=U1-49
Removed Pin From Net: NetName=LED2 Pin=U1-50
Removed Pin From Net: NetName=LORA_RESET Pin=U1-51
Removed Pin From Net: NetName=LORA_RTS Pin=U1-52
Removed Pin From Net: NetName=LORA_CTS Pin=U1-53
Removed Pin From Net: NetName=BT_RESET Pin=U1-54
Added Pin To Net: NetName=GND Pin=BT_CONN-1
Added Pin To Net: NetName=LED1 Pin=BT_CONN-3
Added Pin To Net: NetName=LED2 Pin=BT_CONN-5
Added Pin To Net: NetName=PS_VCC Pin=LORA_CONN-1
Added Pin To Net: NetName=GND Pin=LORA_CONN-3
Added Pin To Net: NetName=GND Pin=LORA_CONN-5
Added Pin To Net: NetName=LORA_RESET Pin=U1-41
Added Pin To Net: NetName=LORA_RTS Pin=U1-42
Added Pin To Net: NetName=LORA_CTS Pin=U1-43
Added Pin To Net: NetName=BT_RESET Pin=U1-44
Added Pin To Net: NetName=LED1 Pin=U1-61
Added Pin To Net: NetName=LED2 Pin=U1-62
