Replace Part C1 C in C:\Users\Michal\OneDrive - Politechnika Warszawska\Szko쓰\MGR\Magisterka\PCB\Env_sensing\ENV_sens\uC.SchDoc with C from pass_comp.IntLib
Replace Part C2 C in C:\Users\Michal\OneDrive - Politechnika Warszawska\Szko쓰\MGR\Magisterka\PCB\Env_sensing\ENV_sens\uC.SchDoc with C from pass_comp.IntLib
Replace Part C3 C in C:\Users\Michal\OneDrive - Politechnika Warszawska\Szko쓰\MGR\Magisterka\PCB\Env_sensing\ENV_sens\uC.SchDoc with C from pass_comp.IntLib
Replace Part C4 C in C:\Users\Michal\OneDrive - Politechnika Warszawska\Szko쓰\MGR\Magisterka\PCB\Env_sensing\ENV_sens\uC.SchDoc with C from pass_comp.IntLib
Replace Part C5 C in C:\Users\Michal\OneDrive - Politechnika Warszawska\Szko쓰\MGR\Magisterka\PCB\Env_sensing\ENV_sens\uC.SchDoc with C from pass_comp.IntLib
Replace Part C6 C in C:\Users\Michal\OneDrive - Politechnika Warszawska\Szko쓰\MGR\Magisterka\PCB\Env_sensing\ENV_sens\uC.SchDoc with C from pass_comp.IntLib
Replace Part C7 C in C:\Users\Michal\OneDrive - Politechnika Warszawska\Szko쓰\MGR\Magisterka\PCB\Env_sensing\ENV_sens\uC.SchDoc with C from pass_comp.IntLib
Replace Part C8 C in C:\Users\Michal\OneDrive - Politechnika Warszawska\Szko쓰\MGR\Magisterka\PCB\Env_sensing\ENV_sens\uC.SchDoc with C from pass_comp.IntLib
Replace Part C9 C in C:\Users\Michal\OneDrive - Politechnika Warszawska\Szko쓰\MGR\Magisterka\PCB\Env_sensing\ENV_sens\uC.SchDoc with C from pass_comp.IntLib
Replace Part C10 C in C:\Users\Michal\OneDrive - Politechnika Warszawska\Szko쓰\MGR\Magisterka\PCB\Env_sensing\ENV_sens\uC.SchDoc with C from pass_comp.IntLib
Replace Part C11 C in C:\Users\Michal\OneDrive - Politechnika Warszawska\Szko쓰\MGR\Magisterka\PCB\Env_sensing\ENV_sens\uC.SchDoc with C from pass_comp.IntLib
Replace Part C12 C in C:\Users\Michal\OneDrive - Politechnika Warszawska\Szko쓰\MGR\Magisterka\PCB\Env_sensing\ENV_sens\uC.SchDoc with C from pass_comp.IntLib
Replace Part C13 C in C:\Users\Michal\OneDrive - Politechnika Warszawska\Szko쓰\MGR\Magisterka\PCB\Env_sensing\ENV_sens\uC.SchDoc with C from pass_comp.IntLib
Replace Part C14 C in C:\Users\Michal\OneDrive - Politechnika Warszawska\Szko쓰\MGR\Magisterka\PCB\Env_sensing\ENV_sens\uC.SchDoc with C from pass_comp.IntLib
Replace Part EXT_GPIO Header 4 in C:\Users\Michal\OneDrive - Politechnika Warszawska\Szko쓰\MGR\Magisterka\PCB\Env_sensing\ENV_sens\uC.SchDoc with Header 4 from Miscellaneous Connectors.IntLib
Replace Part EXT_UART Header 4 in C:\Users\Michal\OneDrive - Politechnika Warszawska\Szko쓰\MGR\Magisterka\PCB\Env_sensing\ENV_sens\uC.SchDoc with Header 4 from Miscellaneous Connectors.IntLib
Replace Part JTAG Cortex Debug Connector in C:\Users\Michal\OneDrive - Politechnika Warszawska\Szko쓰\MGR\Magisterka\PCB\Env_sensing\ENV_sens\uC.SchDoc with Cortex Debug Connector from env_sens.IntLib
Replace Part PS Header 2 in C:\Users\Michal\OneDrive - Politechnika Warszawska\Szko쓰\MGR\Magisterka\PCB\Env_sensing\ENV_sens\uC.SchDoc with Header 2 from Miscellaneous Connectors.IntLib
Replace Part R1 R in C:\Users\Michal\OneDrive - Politechnika Warszawska\Szko쓰\MGR\Magisterka\PCB\Env_sensing\ENV_sens\uC.SchDoc with R from pass_comp.IntLib
Replace Part R2 R in C:\Users\Michal\OneDrive - Politechnika Warszawska\Szko쓰\MGR\Magisterka\PCB\Env_sensing\ENV_sens\uC.SchDoc with R from pass_comp.IntLib
Replace Part R3 R in C:\Users\Michal\OneDrive - Politechnika Warszawska\Szko쓰\MGR\Magisterka\PCB\Env_sensing\ENV_sens\uC.SchDoc with R from pass_comp.IntLib
Replace Part R5 R in C:\Users\Michal\OneDrive - Politechnika Warszawska\Szko쓰\MGR\Magisterka\PCB\Env_sensing\ENV_sens\uC.SchDoc with R from pass_comp.IntLib
Replace Part R6 R in C:\Users\Michal\OneDrive - Politechnika Warszawska\Szko쓰\MGR\Magisterka\PCB\Env_sensing\ENV_sens\uC.SchDoc with R from pass_comp.IntLib
Replace Part SBW Header 3 in C:\Users\Michal\OneDrive - Politechnika Warszawska\Szko쓰\MGR\Magisterka\PCB\Env_sensing\ENV_sens\uC.SchDoc with Header 3 from Miscellaneous Connectors.IntLib
Replace Part U1 MSP430F6726_PN_8 in C:\Users\Michal\OneDrive - Politechnika Warszawska\Szko쓰\MGR\Magisterka\PCB\Env_sensing\ENV_sens\uC.SchDoc with MSP430F6726_PN_8 from env_sens.IntLib
