Removed Pin From Net: NetName=BT_CTS Pin=BT_CONN-2
Removed Pin From Net: NetName=BT_RTS Pin=BT_CONN-4
Removed Pin From Net: NetName=GND Pin=BT_CONN-5
Removed Pin From Net: NetName=BT_MSP_RXD Pin=BT_CONN-6
Removed Pin From Net: NetName=GND Pin=BT_CONN-7
Removed Pin From Net: NetName=BT_MSP_TXD Pin=BT_CONN-8
Removed Pin From Net: NetName=GND Pin=BT_CONN-9
Removed Pin From Net: NetName=BT_SWDIO Pin=H1-1
Removed Pin From Net: NetName=BT_SWDCLK Pin=H1-2
Removed Pin From Net: NetName=BT_RESET Pin=H1-3
Removed Pin From Net: NetName=GND Pin=LORA_CONN-3
Removed Pin From Net: NetName=GND Pin=LORA_CONN-5
Added Pin To Net: NetName=BT_MSP_RXD Pin=BT_CONN-2
Added Pin To Net: NetName=BT_MSP_TXD Pin=BT_CONN-4
Added Pin To Net: NetName=BQ_STAT1 Pin=BT_CONN-5
Added Pin To Net: NetName=BT_CTS Pin=BT_CONN-6
Added Pin To Net: NetName=BQ_STAT2 Pin=BT_CONN-7
Added Pin To Net: NetName=BT_RTS Pin=BT_CONN-8
Added Pin To Net: NetName=BQ_PG Pin=BT_CONN-9
Added Pin To Net: NetName=GND Pin=H1-1
Added Pin To Net: NetName=GND Pin=H1-2
Added Pin To Net: NetName=GND Pin=H1-3
Added Pin To Net: NetName=GND Pin=H2-3
Added Pin To Net: NetName=LED1 Pin=LORA_CONN-3
Added Pin To Net: NetName=LED2 Pin=LORA_CONN-5
Change Class Name : Old Net Name=connectors_and_peripherals New Net Name=radio
Added Member To Class: ClassName=radio Member=Component BT_SW 
Added Member To Class: ClassName=radio Member=Component BT BL652
Added Member To Class: ClassName=radio Member=Component CL1 1u
Added Member To Class: ClassName=radio Member=Component CL2 1u
