Removed Pin From Net: NetName=LED2 Pin=U1-31
Removed Pin From Net: NetName=LED1 Pin=U1-32
Added Component: Designator=C4(603)
Add component. Clean all parameters for all variants
Added Component: Designator=C5(603)
Add component. Clean all parameters for all variants
Added Pin To Net: NetName=GND Pin=C4-2
Added Pin To Net: NetName=GND Pin=C5-2
Added Pin To Net: NetName=LED2 Pin=U1-33
Added Pin To Net: NetName=LED1 Pin=U1-34
Added Pin To Net: NetName=RADIO_SEL1 Pin=C4-1
Added Pin To Net: NetName=RADIO_SEL1 Pin=R4-1
Added Pin To Net: NetName=RADIO_SEL1 Pin=RADIO_SW-4
Added Pin To Net: NetName=RADIO_SEL1 Pin=U1-32
Added Net: Name=RADIO_SEL1
Added Pin To Net: NetName=RADIO_SEL2 Pin=C5-1
Added Pin To Net: NetName=RADIO_SEL2 Pin=R5-1
Added Pin To Net: NetName=RADIO_SEL2 Pin=RADIO_SW-3
Added Pin To Net: NetName=RADIO_SEL2 Pin=U1-31
Added Net: Name=RADIO_SEL2
Added Member To Class: ClassName=uC_radio Member=Component C4 C
Added Member To Class: ClassName=uC_radio Member=Component C5 C
