Removed Pin From Net: NetName=LORA_RESET Pin=U1-38
Removed Member From Class: ClassName=uC_radio Member=BQ
Added Component: Designator=MEMS_1(HDR2X4)
Add component. Clean all parameters for all variants
Add component (AddParameter): Name = "LatestRevisionDate"; Value = "17-Jul-2002"; VariantName = "[No Variations]"
Add component (AddParameter): Name = "LatestRevisionNote"; Value = "Re-released for DXP Platform."; VariantName = "[No Variations]"
Add component (AddParameter): Name = "Publisher"; Value = "Altium Limited"; VariantName = "[No Variations]"
Added Component: Designator=MEMS_2(HDR2X5)
Add component. Clean all parameters for all variants
Add component (AddParameter): Name = "LatestRevisionDate"; Value = "17-Jul-2002"; VariantName = "[No Variations]"
Add component (AddParameter): Name = "LatestRevisionNote"; Value = "Re-released for DXP Platform."; VariantName = "[No Variations]"
Add component (AddParameter): Name = "Publisher"; Value = "Altium Limited"; VariantName = "[No Variations]"
Added Pin To Net: NetName=PS_VCC Pin=MEMS_1-1
Added Pin To Net: NetName=SENS_SPI_STE Pin=MEMS_1-2
Added Pin To Net: NetName=GND Pin=MEMS_1-3
Added Pin To Net: NetName=SENS_SPI_CLK Pin=MEMS_1-4
Added Pin To Net: NetName=GND Pin=MEMS_1-5
Added Pin To Net: NetName=SENS_SPI_MOSI Pin=MEMS_1-6
Added Pin To Net: NetName=GND Pin=MEMS_1-7
Added Pin To Net: NetName=SENS_SPI_MISO Pin=MEMS_1-8
Added Pin To Net: NetName=GND Pin=MEMS_2-1
Added Pin To Net: NetName=GND Pin=MEMS_2-7
Added Pin To Net: NetName=GND Pin=MEMS_2-9
Added Pin To Net: NetName=LORA_RESET Pin=U1-30
Added Member To Class: ClassName=uC_radio Member=Component MEMS_1 Header 4X2
Added Member To Class: ClassName=uC_radio Member=Component MEMS_2 Header 5X2
Added Member To Class: ClassName=uC_radio Member=Component U1 MSP430FR2155TRHA
